# JRE version: OpenJDK Runtime Environment (11.0.2+9) (build 11.0.2+9)
# Java VM: OpenJDK 64-Bit Server VM (11.0.2+9, mixed mode, tiered, compressed oops, g1 gc, bsd-amd64)
Heap:
 garbage-first heap   total 131072K, used 110558K [0x0000000780000000, 0x0000000800000000)
  region size 1024K, 2 young (2048K), 1 survivors (1024K)
 Metaspace       used 12528K, capacity 12774K, committed 13184K, reserved 1060864K
  class space    used 1197K, capacity 1306K, committed 1408K, reserved 1048576K
GC Heap History (8 events):
Event: 1.423 GC heap before
{Heap before GC invocations=0 (full 0):
 garbage-first heap   total 131072K, used 50176K [0x0000000780000000, 0x0000000800000000)
  region size 1024K, 14 young (14336K), 0 survivors (0K)
 Metaspace       used 12305K, capacity 12550K, committed 12800K, reserved 1060864K
  class space    used 1184K, capacity 1274K, committed 1280K, reserved 1048576K
}
Event: 1.428 GC heap after
{Heap after GC invocations=1 (full 0):
 garbage-first heap   total 131072K, used 38789K [0x0000000780000000, 0x0000000800000000)
  region size 1024K, 2 young (2048K), 2 survivors (2048K)
 Metaspace       used 12305K, capacity 12550K, committed 12800K, reserved 1060864K
  class space    used 1184K, capacity 1274K, committed 1280K, reserved 1048576K
}
Event: 1.594 GC heap before
{Heap before GC invocations=1 (full 0):
 garbage-first heap   total 131072K, used 54149K [0x0000000780000000, 0x0000000800000000)
  region size 1024K, 17 young (17408K), 2 survivors (2048K)
 Metaspace       used 12357K, capacity 12614K, committed 12800K, reserved 1060864K
  class space    used 1184K, capacity 1274K, committed 1280K, reserved 1048576K
}
Event: 1.597 GC heap after
{Heap after GC invocations=2 (full 0):
 garbage-first heap   total 131072K, used 39046K [0x0000000780000000, 0x0000000800000000)
  region size 1024K, 1 young (1024K), 1 survivors (1024K)
 Metaspace       used 12357K, capacity 12614K, committed 12800K, reserved 1060864K
  class space    used 1184K, capacity 1274K, committed 1280K, reserved 1048576K
}
Event: 1.869 GC heap before
{Heap before GC invocations=2 (full 0):
 garbage-first heap   total 131072K, used 61574K [0x0000000780000000, 0x0000000800000000)
  region size 1024K, 24 young (24576K), 1 survivors (1024K)
 Metaspace       used 12512K, capacity 12774K, committed 13184K, reserved 1060864K
  class space    used 1195K, capacity 1306K, committed 1408K, reserved 1048576K
}
Event: 1.869 GC heap after
{Heap after GC invocations=3 (full 0):
 garbage-first heap   total 131072K, used 38926K [0x0000000780000000, 0x0000000800000000)
  region size 1024K, 1 young (1024K), 1 survivors (1024K)
 Metaspace       used 12512K, capacity 12774K, committed 13184K, reserved 1060864K
  class space    used 1195K, capacity 1306K, committed 1408K, reserved 1048576K
}
Event: 1.988 GC heap before
{Heap before GC invocations=4 (full 0):
 garbage-first heap   total 131072K, used 74766K [0x0000000780000000, 0x0000000800000000)
  region size 1024K, 2 young (2048K), 1 survivors (1024K)
 Metaspace       used 12513K, capacity 12774K, committed 13184K, reserved 1060864K
  class space    used 1195K, capacity 1306K, committed 1408K, reserved 1048576K
}
Event: 1.988 GC heap after
{Heap after GC invocations=5 (full 0):
 garbage-first heap   total 131072K, used 74718K [0x0000000780000000, 0x0000000800000000)
  region size 1024K, 1 young (1024K), 1 survivors (1024K)
 Metaspace       used 12513K, capacity 12774K, committed 13184K, reserved 1060864K
  class space    used 1195K, capacity 1306K, committed 1408K, reserved 1048576K
}

